{"uuid":"4880a20d-f59e-4906-a0dc-5eb4b838b999","historyId":"f97556eb7c7f48b5ae5f6d043a0631e7","testCaseId":"[engine:junit-jupiter]/[class:test.desktop.CreateItemTest]/[method:shouldCreateItem()]","testCaseName":"Create item","fullName":"test.desktop.CreateItemTest.shouldCreateItem","labels":[{"name":"tag","value":"smoke"},{"name":"junit.platform.uniqueid","value":"[engine:junit-jupiter]/[class:test.desktop.CreateItemTest]/[method:shouldCreateItem()]"},{"name":"epic","value":"Create item"},{"name":"host","value":"fv-az1066-784"},{"name":"thread","value":"3258@fv-az1066-784.main(1)"},{"name":"framework","value":"junit-platform"},{"name":"language","value":"java"},{"name":"package","value":"test.desktop.CreateItemTest"},{"name":"testClass","value":"test.desktop.CreateItemTest"},{"name":"testMethod","value":"shouldCreateItem"},{"name":"suite","value":"test.desktop.CreateItemTest"}],"links":[],"name":"Create item","status":"failed","statusDetails":{"known":false,"muted":false,"flaky":false,"message":"\nExpected: a collection containing \"wrong name\"\n     but: mismatches were: [was \"name1\", was \"YPHCBVnVMgLA1\", was \"\"]","trace":"java.lang.AssertionError: \nExpected: a collection containing \"wrong name\"\n     but: mismatches were: [was \"name1\", was \"YPHCBVnVMgLA1\", was \"\"]\n\tat org.hamcrest.MatcherAssert.assertThat(MatcherAssert.java:20)\n\tat org.hamcrest.MatcherAssert.assertThat(MatcherAssert.java:6)\n\tat step.validation.ItemsValidator.itemCreated(ItemsValidator.java:22)\n\tat test.desktop.CreateItemTest.shouldCreateItem(CreateItemTest.java:35)\n\tat java.base/java.lang.reflect.Method.invoke(Method.java:577)\n\tat java.base/java.util.ArrayList.forEach(ArrayList.java:1511)\n\tat java.base/java.util.ArrayList.forEach(ArrayList.java:1511)\n"},"stage":"finished","description":"","steps":[{"name":"Get item list","status":"passed","stage":"finished","steps":[{"name":"$(\".p-datatable-table\") get location()","status":"passed","stage":"finished","steps":[],"attachments":[],"parameters":[],"start":1726595943554,"stop":1726595943580},{"name":"$(\".p-datatable-table\") get location()","status":"passed","stage":"finished","steps":[],"attachments":[],"parameters":[],"start":1726595944080,"stop":1726595944095}],"attachments":[],"parameters":[],"start":1726595943054,"stop":1726595944118},{"name":"Open 'Create item' form","status":"passed","stage":"finished","steps":[{"name":"$(\".add-item-button\") click()","status":"passed","stage":"finished","steps":[],"attachments":[],"parameters":[],"start":1726595944119,"stop":1726595944226},{"name":"$(\"#create-modal .create-button\") should be(visible)","status":"passed","stage":"finished","steps":[],"attachments":[],"parameters":[],"start":1726595944226,"stop":1726595944258}],"attachments":[],"parameters":[],"start":1726595944118,"stop":1726595944258},{"name":"Set item data","status":"passed","stage":"finished","steps":[{"name":"$(\"#name\") set value(name1)","status":"passed","stage":"finished","steps":[],"attachments":[],"parameters":[],"start":1726595944258,"stop":1726595944534},{"name":"$(\"#amount\") set value(1)","status":"passed","stage":"finished","steps":[],"attachments":[],"parameters":[],"start":1726595944534,"stop":1726595944667},{"name":"$(\"#description\") set value(description1)","status":"passed","stage":"finished","steps":[],"attachments":[],"parameters":[],"start":1726595944667,"stop":1726595944813}],"attachments":[],"parameters":[{"name":"itemData","value":"Item(name=name1, amount=1, description=description1)"}],"start":1726595944258,"stop":1726595944813},{"name":"Submit 'Create item' form","status":"passed","stage":"finished","steps":[{"name":"$(\"#create-modal .create-button\") click()","status":"passed","stage":"finished","steps":[],"attachments":[],"parameters":[],"start":1726595944813,"stop":1726595944885},{"name":"$(\"#create-modal .create-button\") should not be(visible)","status":"passed","stage":"finished","steps":[],"attachments":[],"parameters":[],"start":1726595944885,"stop":1726595944920}],"attachments":[],"parameters":[],"start":1726595944813,"stop":1726595944920},{"name":"Validate item 'wrong name' created","status":"failed","statusDetails":{"known":false,"muted":false,"flaky":false,"message":"\nExpected: a collection containing \"wrong name\"\n     but: mismatches were: [was \"name1\", was \"YPHCBVnVMgLA1\", was \"\"]","trace":"java.lang.AssertionError: \nExpected: a collection containing \"wrong name\"\n     but: mismatches were: [was \"name1\", was \"YPHCBVnVMgLA1\", was \"\"]\n\tat org.hamcrest.MatcherAssert.assertThat(MatcherAssert.java:20)\n\tat org.hamcrest.MatcherAssert.assertThat(MatcherAssert.java:6)\n\tat step.validation.ItemsValidator.itemCreated(ItemsValidator.java:22)\n\tat test.desktop.CreateItemTest.shouldCreateItem(CreateItemTest.java:35)\n\tat java.base/jdk.internal.reflect.DirectMethodHandleAccessor.invoke(DirectMethodHandleAccessor.java:104)\n\tat java.base/java.lang.reflect.Method.invoke(Method.java:577)\n\tat org.junit.platform.commons.util.ReflectionUtils.invokeMethod(ReflectionUtils.java:766)\n\tat org.junit.jupiter.engine.execution.MethodInvocation.proceed(MethodInvocation.java:60)\n\tat org.junit.jupiter.engine.execution.InvocationInterceptorChain$ValidatingInvocation.proceed(InvocationInterceptorChain.java:131)\n\tat org.junit.jupiter.api.extension.InvocationInterceptor.interceptTestMethod(InvocationInterceptor.java:118)\n\tat org.junit.jupiter.engine.execution.InterceptingExecutableInvoker$ReflectiveInterceptorCall.lambda$ofVoidMethod$0(InterceptingExecutableInvoker.java:103)\n\tat org.junit.jupiter.engine.execution.InterceptingExecutableInvoker.lambda$invoke$0(InterceptingExecutableInvoker.java:93)\n\tat org.junit.jupiter.engine.execution.InvocationInterceptorChain$InterceptedInvocation.proceed(InvocationInterceptorChain.java:106)\n\tat org.junit.jupiter.engine.extension.TimeoutExtension.intercept(TimeoutExtension.java:156)\n\tat org.junit.jupiter.engine.extension.TimeoutExtension.interceptTestableMethod(TimeoutExtension.java:147)\n\tat org.junit.jupiter.engine.extension.TimeoutExtension.interceptTestMethod(TimeoutExtension.java:86)\n\tat org.junit.jupiter.engine.execution.InterceptingExecutableInvoker$ReflectiveInterceptorCall.lambda$ofVoidMethod$0(InterceptingExecutableInvoker.java:103)\n\tat org.junit.jupiter.engine.execution.InterceptingExecutableInvoker.lambda$invoke$0(InterceptingExecutableInvoker.java:93)\n\tat org.junit.jupiter.engine.execution.InvocationInterceptorChain$InterceptedInvocation.proceed(InvocationInterceptorChain.java:106)\n\tat org.junit.jupiter.engine.execution.InvocationInterceptorChain.proceed(InvocationInterceptorChain.java:64)\n\tat org.junit.jupiter.engine.execution.InvocationInterceptorChain.chainAndInvoke(InvocationInterceptorChain.java:45)\n\tat org.junit.jupiter.engine.execution.InvocationInterceptorChain.invoke(InvocationInterceptorChain.java:37)\n\tat org.junit.jupiter.engine.execution.InterceptingExecutableInvoker.invoke(InterceptingExecutableInvoker.java:92)\n\tat org.junit.jupiter.engine.execution.InterceptingExecutableInvoker.invoke(InterceptingExecutableInvoker.java:86)\n\tat org.junit.jupiter.engine.descriptor.TestMethodTestDescriptor.lambda$invokeTestMethod$8(TestMethodTestDescriptor.java:217)\n\tat org.junit.platform.engine.support.hierarchical.ThrowableCollector.execute(ThrowableCollector.java:73)\n\tat org.junit.jupiter.engine.descriptor.TestMethodTestDescriptor.invokeTestMethod(TestMethodTestDescriptor.java:213)\n\tat org.junit.jupiter.engine.descriptor.TestMethodTestDescriptor.execute(TestMethodTestDescriptor.java:138)\n\tat org.junit.jupiter.engine.descriptor.TestMethodTestDescriptor.execute(TestMethodTestDescriptor.java:68)\n\tat org.junit.platform.engine.support.hierarchical.NodeTestTask.lambda$executeRecursively$6(NodeTestTask.java:151)\n\tat org.junit.platform.engine.support.hierarchical.ThrowableCollector.execute(ThrowableCollector.java:73)\n\tat org.junit.platform.engine.support.hierarchical.NodeTestTask.lambda$executeRecursively$8(NodeTestTask.java:141)\n\tat org.junit.platform.engine.support.hierarchical.Node.around(Node.java:137)\n\tat org.junit.platform.engine.support.hierarchical.NodeTestTask.lambda$executeRecursively$9(NodeTestTask.java:139)\n\tat org.junit.platform.engine.support.hierarchical.ThrowableCollector.execute(ThrowableCollector.java:73)\n\tat org.junit.platform.engine.support.hierarchical.NodeTestTask.executeRecursively(NodeTestTask.java:138)\n\tat org.junit.platform.engine.support.hierarchical.NodeTestTask.execute(NodeTestTask.java:95)\n\tat java.base/java.util.ArrayList.forEach(ArrayList.java:1511)\n\tat org.junit.platform.engine.support.hierarchical.SameThreadHierarchicalTestExecutorService.invokeAll(SameThreadHierarchicalTestExecutorService.java:41)\n\tat org.junit.platform.engine.support.hierarchical.NodeTestTask.lambda$executeRecursively$6(NodeTestTask.java:155)\n\tat org.junit.platform.engine.support.hierarchical.ThrowableCollector.execute(ThrowableCollector.java:73)\n\tat org.junit.platform.engine.support.hierarchical.NodeTestTask.lambda$executeRecursively$8(NodeTestTask.java:141)\n\tat org.junit.platform.engine.support.hierarchical.Node.around(Node.java:137)\n\tat org.junit.platform.engine.support.hierarchical.NodeTestTask.lambda$executeRecursively$9(NodeTestTask.java:139)\n\tat org.junit.platform.engine.support.hierarchical.ThrowableCollector.execute(ThrowableCollector.java:73)\n\tat org.junit.platform.engine.support.hierarchical.NodeTestTask.executeRecursively(NodeTestTask.java:138)\n\tat org.junit.platform.engine.support.hierarchical.NodeTestTask.execute(NodeTestTask.java:95)\n\tat java.base/java.util.ArrayList.forEach(ArrayList.java:1511)\n\tat org.junit.platform.engine.support.hierarchical.SameThreadHierarchicalTestExecutorService.invokeAll(SameThreadHierarchicalTestExecutorService.java:41)\n\tat org.junit.platform.engine.support.hierarchical.NodeTestTask.lambda$executeRecursively$6(NodeTestTask.java:155)\n\tat org.junit.platform.engine.support.hierarchical.ThrowableCollector.execute(ThrowableCollector.java:73)\n\tat org.junit.platform.engine.support.hierarchical.NodeTestTask.lambda$executeRecursively$8(NodeTestTask.java:141)\n\tat org.junit.platform.engine.support.hierarchical.Node.around(Node.java:137)\n\tat org.junit.platform.engine.support.hierarchical.NodeTestTask.lambda$executeRecursively$9(NodeTestTask.java:139)\n\tat org.junit.platform.engine.support.hierarchical.ThrowableCollector.execute(ThrowableCollector.java:73)\n\tat org.junit.platform.engine.support.hierarchical.NodeTestTask.executeRecursively(NodeTestTask.java:138)\n\tat org.junit.platform.engine.support.hierarchical.NodeTestTask.execute(NodeTestTask.java:95)\n\tat org.junit.platform.engine.support.hierarchical.SameThreadHierarchicalTestExecutorService.submit(SameThreadHierarchicalTestExecutorService.java:35)\n\tat org.junit.platform.engine.support.hierarchical.HierarchicalTestExecutor.execute(HierarchicalTestExecutor.java:57)\n\tat org.junit.platform.engine.support.hierarchical.HierarchicalTestEngine.execute(HierarchicalTestEngine.java:54)\n\tat org.junit.platform.launcher.core.EngineExecutionOrchestrator.execute(EngineExecutionOrchestrator.java:198)\n\tat org.junit.platform.launcher.core.EngineExecutionOrchestrator.execute(EngineExecutionOrchestrator.java:169)\n\tat org.junit.platform.launcher.core.EngineExecutionOrchestrator.execute(EngineExecutionOrchestrator.java:93)\n\tat org.junit.platform.launcher.core.EngineExecutionOrchestrator.lambda$execute$0(EngineExecutionOrchestrator.java:58)\n\tat org.junit.platform.launcher.core.EngineExecutionOrchestrator.withInterceptedStreams(EngineExecutionOrchestrator.java:141)\n\tat org.junit.platform.launcher.core.EngineExecutionOrchestrator.execute(EngineExecutionOrchestrator.java:57)\n\tat org.junit.platform.launcher.core.DefaultLauncher.execute(DefaultLauncher.java:103)\n\tat org.junit.platform.launcher.core.DefaultLauncher.execute(DefaultLauncher.java:85)\n\tat org.junit.platform.launcher.core.DelegatingLauncher.execute(DelegatingLauncher.java:47)\n\tat org.junit.platform.launcher.core.SessionPerRequestLauncher.execute(SessionPerRequestLauncher.java:63)\n\tat org.apache.maven.surefire.junitplatform.JUnitPlatformProvider.invokeAllTests(JUnitPlatformProvider.java:150)\n\tat org.apache.maven.surefire.junitplatform.JUnitPlatformProvider.invoke(JUnitPlatformProvider.java:124)\n\tat org.apache.maven.surefire.booter.ForkedBooter.invokeProviderInSameClassLoader(ForkedBooter.java:384)\n\tat org.apache.maven.surefire.booter.ForkedBooter.runSuitesInProcess(ForkedBooter.java:345)\n\tat org.apache.maven.surefire.booter.ForkedBooter.execute(ForkedBooter.java:126)\n\tat org.apache.maven.surefire.booter.ForkedBooter.main(ForkedBooter.java:418)\n"},"stage":"finished","steps":[{"name":"$(\".p-datatable-tbody > tr:not(.p-datatable-emptymessage) > td:first-child\") should have(size(3))","status":"passed","stage":"finished","steps":[],"attachments":[],"parameters":[],"start":1726595944921,"stop":1726595944928},{"name":"$(\".p-datatable-table\") get location()","status":"passed","stage":"finished","steps":[],"attachments":[],"parameters":[],"start":1726595945428,"stop":1726595945442},{"name":"$(\".p-datatable-table\") get location()","status":"passed","stage":"finished","steps":[],"attachments":[],"parameters":[],"start":1726595945943,"stop":1726595945959}],"attachments":[],"parameters":[{"name":"oldList","value":"[YPHCBVnVMgLA1, ]"},{"name":"itemName","value":"wrong name"}],"start":1726595944921,"stop":1726595945975},{"name":"Get full page screenshot","status":"passed","stage":"finished","steps":[{"name":"$(\"default context\") switch to()","status":"passed","stage":"finished","steps":[],"attachments":[],"parameters":[],"start":1726595946296,"stop":1726595946299}],"attachments":[{"name":"screenshot","source":"736136d1-25ee-4a3b-8d19-2b5f805c886f-attachment"}],"parameters":[{"name":"context","value":"org.junit.jupiter.engine.descriptor.MethodExtensionContext@7c142018"},{"name":"cause","value":"java.lang.AssertionError: \nExpected: a collection containing \"wrong name\"\n     but: mismatches were: [was \"name1\", was \"YPHCBVnVMgLA1\", was \"\"]"}],"start":1726595946293,"stop":1726595946522}],"attachments":[],"parameters":[],"start":1726595939542,"stop":1726595946529}